0 verbose cli [
0 verbose cli   '/home/wild/.nvm/versions/node/v16.15.0/bin/node',
0 verbose cli   '/home/wild/.nvm/versions/node/v16.15.0/bin/npm',
0 verbose cli   'install',
0 verbose cli   '--ignore-scripts',
0 verbose cli   '@types/testing-library__jest-dom@ts4.6',
0 verbose cli   '@types/react@ts4.6',
0 verbose cli   '@types/react-dom@ts4.6',
0 verbose cli   '--save-dev',
0 verbose cli   '--user-agent=typesInstaller/4.6.3'
0 verbose cli ]
1 info using npm@8.5.5
2 info using node@v16.15.0
3 timing npm:load:whichnode Completed in 0ms
4 timing config:load:defaults Completed in 3ms
5 timing config:load:file:/home/wild/.nvm/versions/node/v16.15.0/lib/node_modules/npm/npmrc Completed in 1ms
6 timing config:load:builtin Completed in 1ms
7 timing config:load:cli Completed in 4ms
8 timing config:load:env Completed in 1ms
9 timing config:load:file:/home/wild/.cache/typescript/4.6/.npmrc Completed in 1ms
10 timing config:load:project Completed in 7ms
11 timing config:load:file:/home/wild/.npmrc Completed in 0ms
12 timing config:load:user Completed in 0ms
13 timing config:load:file:/home/wild/.nvm/versions/node/v16.15.0/etc/npmrc Completed in 1ms
14 timing config:load:global Completed in 1ms
15 timing config:load:validate Completed in 0ms
16 timing config:load:credentials Completed in 1ms
17 timing config:load:setEnvs Completed in 1ms
18 timing config:load Completed in 20ms
19 timing npm:load:configload Completed in 20ms
20 timing npm:load:setTitle Completed in 0ms
21 timing config:load:flatten Completed in 3ms
22 timing npm:load:display Completed in 4ms
23 verbose logfile /home/wild/.npm/_logs/2022-05-20T00_13_07_335Z-debug-0.log
24 timing npm:load:logFile Completed in 7ms
25 timing npm:load:timers Completed in 0ms
26 timing npm:load:configScope Completed in 0ms
27 timing npm:load Completed in 31ms
28 timing arborist:ctor Completed in 1ms
29 silly logfile start cleaning logs, removing 1 files
30 timing idealTree:init Completed in 16ms
31 timing arborist:ctor Completed in 0ms
32 http fetch GET 200 https://registry.npmjs.org/@types%2freact-dom 128ms (cache revalidated)
33 http fetch GET 200 https://registry.npmjs.org/@types%2ftesting-library__jest-dom 133ms (cache revalidated)
34 http fetch GET 200 https://registry.npmjs.org/@types%2freact 137ms (cache revalidated)
35 timing idealTree:userRequests Completed in 146ms
36 silly idealTree buildDeps
37 silly fetch manifest @types/testing-library__jest-dom@5.14.3
38 silly fetch manifest @types/react@18.0.9
39 silly fetch manifest @types/react-dom@18.0.4
40 silly placeDep ROOT @types/react@18.0.9 OK for:  want: 18.0.9
41 silly placeDep ROOT @types/react-dom@18.0.4 OK for:  want: 18.0.4
42 silly placeDep ROOT @types/testing-library__jest-dom@5.14.3 OK for:  want: 5.14.3
43 silly fetch manifest @types/prop-types@*
44 silly fetch manifest @types/scheduler@*
45 silly fetch manifest csstype@^3.0.2
46 silly fetch manifest @types/jest@*
47 http fetch GET 200 https://registry.npmjs.org/@types%2fprop-types 74ms (cache revalidated)
48 http fetch GET 200 https://registry.npmjs.org/@types%2fjest 86ms (cache revalidated)
49 http fetch GET 200 https://registry.npmjs.org/csstype 94ms (cache revalidated)
50 http fetch GET 200 https://registry.npmjs.org/@types%2fscheduler 732ms (cache revalidated)
51 timing idealTree:#root Completed in 743ms
52 silly placeDep ROOT @types/prop-types@15.7.5 OK for: @types/react@18.0.9 want: *
53 silly placeDep ROOT @types/scheduler@0.16.2 OK for: @types/react@18.0.9 want: *
54 silly placeDep ROOT csstype@3.1.0 OK for: @types/react@18.0.9 want: ^3.0.2
55 timing idealTree:node_modules/@types/react Completed in 15ms
56 timing idealTree:node_modules/@types/prop-types Completed in 0ms
57 timing idealTree:node_modules/@types/react-dom Completed in 0ms
58 timing idealTree:node_modules/@types/scheduler Completed in 0ms
59 silly placeDep ROOT @types/jest@27.5.1 OK for: @types/testing-library__jest-dom@5.14.3 want: *
60 silly fetch manifest jest-matcher-utils@^27.0.0
61 silly fetch manifest pretty-format@^27.0.0
62 http fetch GET 200 https://registry.npmjs.org/jest-matcher-utils 48ms (cache revalidated)
63 http fetch GET 200 https://registry.npmjs.org/pretty-format 56ms (cache revalidated)
64 timing idealTree:node_modules/@types/testing-library__jest-dom Completed in 74ms
65 silly placeDep ROOT jest-matcher-utils@27.5.1 OK for: @types/jest@27.5.1 want: ^27.0.0
66 silly placeDep ROOT pretty-format@27.5.1 OK for: @types/jest@27.5.1 want: ^27.0.0
67 silly fetch manifest chalk@^4.0.0
68 silly fetch manifest jest-diff@^27.5.1
69 silly fetch manifest jest-get-type@^27.5.1
70 silly fetch manifest ansi-regex@^5.0.1
71 silly fetch manifest ansi-styles@^5.0.0
72 silly fetch manifest react-is@^17.0.1
73 http fetch GET 200 https://registry.npmjs.org/ansi-regex 49ms (cache revalidated)
74 http fetch GET 200 https://registry.npmjs.org/chalk 51ms (cache revalidated)
75 http fetch GET 200 https://registry.npmjs.org/jest-diff 58ms (cache revalidated)
76 http fetch GET 200 https://registry.npmjs.org/jest-get-type 67ms (cache revalidated)
77 http fetch GET 200 https://registry.npmjs.org/ansi-styles 79ms (cache revalidated)
78 http fetch GET 200 https://registry.npmjs.org/react-is 195ms (cache updated)
79 timing idealTree:node_modules/@types/jest Completed in 219ms
80 timing idealTree:node_modules/csstype Completed in 0ms
81 silly placeDep ROOT chalk@4.1.2 OK for: jest-matcher-utils@27.5.1 want: ^4.0.0
82 silly placeDep ROOT jest-diff@27.5.1 OK for: jest-matcher-utils@27.5.1 want: ^27.5.1
83 silly placeDep ROOT jest-get-type@27.5.1 OK for: jest-matcher-utils@27.5.1 want: ^27.5.1
84 silly fetch manifest ansi-styles@^4.1.0
85 silly fetch manifest supports-color@^7.1.0
86 silly fetch manifest diff-sequences@^27.5.1
87 http fetch GET 200 https://registry.npmjs.org/diff-sequences 47ms (cache revalidated)
88 http fetch GET 200 https://registry.npmjs.org/supports-color 50ms (cache updated)
89 timing idealTree:node_modules/jest-matcher-utils Completed in 56ms
90 silly placeDep ROOT ansi-styles@4.3.0 OK for: chalk@4.1.2 want: ^4.1.0
91 silly placeDep ROOT supports-color@7.2.0 OK for: chalk@4.1.2 want: ^7.1.0
92 silly fetch manifest color-convert@^2.0.1
93 silly fetch manifest has-flag@^4.0.0
94 http fetch GET 200 https://registry.npmjs.org/color-convert 39ms (cache revalidated)
95 http fetch GET 200 https://registry.npmjs.org/has-flag 43ms (cache revalidated)
96 timing idealTree:node_modules/chalk Completed in 47ms
97 silly placeDep ROOT color-convert@2.0.1 OK for: ansi-styles@4.3.0 want: ^2.0.1
98 silly fetch manifest color-name@~1.1.4
99 http fetch GET 200 https://registry.npmjs.org/color-name 59ms (cache revalidated)
100 timing idealTree:node_modules/ansi-styles Completed in 61ms
101 silly placeDep ROOT color-name@1.1.4 OK for: color-convert@2.0.1 want: ~1.1.4
102 timing idealTree:node_modules/color-convert Completed in 2ms
103 timing idealTree:node_modules/color-name Completed in 0ms
104 silly placeDep ROOT diff-sequences@27.5.1 OK for: jest-diff@27.5.1 want: ^27.5.1
105 timing idealTree:node_modules/jest-diff Completed in 1ms
106 timing idealTree:node_modules/diff-sequences Completed in 0ms
107 timing idealTree:node_modules/jest-get-type Completed in 0ms
108 silly placeDep ROOT ansi-regex@5.0.1 OK for: pretty-format@27.5.1 want: ^5.0.1
109 silly placeDep node_modules/pretty-format ansi-styles@5.2.0 OK for: pretty-format@27.5.1 want: ^5.0.0
110 silly placeDep ROOT react-is@17.0.2 OK for: pretty-format@27.5.1 want: ^17.0.1
111 timing idealTree:node_modules/pretty-format Completed in 5ms
112 timing idealTree:node_modules/ansi-regex Completed in 0ms
113 timing idealTree:node_modules/react-is Completed in 0ms
114 silly placeDep ROOT has-flag@4.0.0 OK for: supports-color@7.2.0 want: ^4.0.0
115 timing idealTree:node_modules/supports-color Completed in 3ms
116 timing idealTree:node_modules/has-flag Completed in 0ms
117 timing idealTree:node_modules/pretty-format/node_modules/ansi-styles Completed in 0ms
118 timing idealTree:buildDeps Completed in 1229ms
119 timing idealTree:fixDepFlags Completed in 2ms
120 timing idealTree Completed in 1395ms
121 timing reify:loadTrees Completed in 1395ms
122 timing reify:diffTrees Completed in 2ms
123 silly reify moves {}
124 timing reify:retireShallow Completed in 0ms
125 timing reify:createSparse Completed in 12ms
126 timing reify:loadBundles Completed in 0ms
127 silly audit bulk request {
127 silly audit   'types-registry': [ '0.1.593' ],
127 silly audit   '@types/react': [ '18.0.9' ],
127 silly audit   '@types/react-dom': [ '18.0.4' ],
127 silly audit   '@types/testing-library__jest-dom': [ '5.14.3' ],
127 silly audit   '@types/prop-types': [ '15.7.5' ],
127 silly audit   '@types/scheduler': [ '0.16.2' ],
127 silly audit   csstype: [ '3.1.0' ],
127 silly audit   '@types/jest': [ '27.5.1' ],
127 silly audit   'jest-matcher-utils': [ '27.5.1' ],
127 silly audit   'pretty-format': [ '27.5.1' ],
127 silly audit   chalk: [ '4.1.2' ],
127 silly audit   'jest-diff': [ '27.5.1' ],
127 silly audit   'jest-get-type': [ '27.5.1' ],
127 silly audit   'ansi-styles': [ '4.3.0', '5.2.0' ],
127 silly audit   'supports-color': [ '7.2.0' ],
127 silly audit   'color-convert': [ '2.0.1' ],
127 silly audit   'color-name': [ '1.1.4' ],
127 silly audit   'diff-sequences': [ '27.5.1' ],
127 silly audit   'ansi-regex': [ '5.0.1' ],
127 silly audit   'react-is': [ '17.0.2' ],
127 silly audit   'has-flag': [ '4.0.0' ]
127 silly audit }
128 timing reifyNode:node_modules/color-name Completed in 115ms
129 timing reifyNode:node_modules/@types/prop-types Completed in 116ms
130 timing reifyNode:node_modules/has-flag Completed in 118ms
131 timing reifyNode:node_modules/ansi-regex Completed in 117ms
132 timing reifyNode:node_modules/jest-get-type Completed in 118ms
133 timing reifyNode:node_modules/supports-color Completed in 118ms
134 timing reifyNode:node_modules/@types/scheduler Completed in 119ms
135 timing reifyNode:node_modules/ansi-styles Completed in 122ms
136 timing reifyNode:node_modules/@types/testing-library__jest-dom Completed in 123ms
137 timing reifyNode:node_modules/@types/jest Completed in 125ms
138 timing reifyNode:node_modules/color-convert Completed in 127ms
139 timing reifyNode:node_modules/chalk Completed in 130ms
140 timing reifyNode:node_modules/react-is Completed in 131ms
141 timing reifyNode:node_modules/@types/react-dom Completed in 131ms
142 timing reifyNode:node_modules/jest-matcher-utils Completed in 131ms
143 timing reifyNode:node_modules/diff-sequences Completed in 133ms
144 timing reifyNode:node_modules/@types/react Completed in 137ms
145 timing reifyNode:node_modules/pretty-format/node_modules/ansi-styles Completed in 142ms
146 timing reifyNode:node_modules/jest-diff Completed in 145ms
147 timing reifyNode:node_modules/pretty-format Completed in 146ms
148 timing reifyNode:node_modules/csstype Completed in 150ms
149 timing reify:unpack Completed in 152ms
150 timing reify:unretire Completed in 0ms
151 timing build:queue Completed in 2ms
152 timing build:deps Completed in 2ms
153 timing build Completed in 2ms
154 timing reify:build Completed in 3ms
155 timing reify:trash Completed in 0ms
156 timing reify:save Completed in 12ms
157 http fetch POST 200 https://registry.npmjs.org/-/npm/v1/security/advisories/bulk 205ms
158 timing auditReport:getReport Completed in 208ms
159 silly audit report {}
160 timing auditReport:init Completed in 0ms
161 timing reify:audit Completed in 208ms
162 timing reify Completed in 1626ms
163 silly ADD node_modules/has-flag
164 silly ADD node_modules/react-is
165 silly ADD node_modules/ansi-regex
166 silly ADD node_modules/diff-sequences
167 silly ADD node_modules/color-name
168 silly ADD node_modules/color-convert
169 silly ADD node_modules/supports-color
170 silly ADD node_modules/ansi-styles
171 silly ADD node_modules/jest-get-type
172 silly ADD node_modules/jest-diff
173 silly ADD node_modules/chalk
174 silly ADD node_modules/pretty-format
175 silly ADD node_modules/pretty-format/node_modules/ansi-styles
176 silly ADD node_modules/jest-matcher-utils
177 silly ADD node_modules/@types/jest
178 silly ADD node_modules/csstype
179 silly ADD node_modules/@types/scheduler
180 silly ADD node_modules/@types/prop-types
181 silly ADD node_modules/@types/testing-library__jest-dom
182 silly ADD node_modules/@types/react-dom
183 silly ADD node_modules/@types/react
184 timing command:install Completed in 1634ms
185 verbose exit 0
186 timing npm Completed in 1876ms
187 info ok
