0 verbose cli [
0 verbose cli   '/home/wild/.nvm/versions/node/v16.15.0/bin/node',
0 verbose cli   '/home/wild/.nvm/versions/node/v16.15.0/bin/npm',
0 verbose cli   'install',
0 verbose cli   '--ignore-scripts',
0 verbose cli   'types-registry@latest'
0 verbose cli ]
1 info using npm@8.5.5
2 info using node@v16.15.0
3 timing npm:load:whichnode Completed in 0ms
4 timing config:load:defaults Completed in 2ms
5 timing config:load:file:/home/wild/.nvm/versions/node/v16.15.0/lib/node_modules/npm/npmrc Completed in 2ms
6 timing config:load:builtin Completed in 2ms
7 timing config:load:cli Completed in 3ms
8 timing config:load:env Completed in 1ms
9 timing config:load:file:/home/wild/.cache/typescript/4.6/.npmrc Completed in 0ms
10 timing config:load:project Completed in 12ms
11 timing config:load:file:/home/wild/.npmrc Completed in 0ms
12 timing config:load:user Completed in 1ms
13 timing config:load:file:/home/wild/.nvm/versions/node/v16.15.0/etc/npmrc Completed in 1ms
14 timing config:load:global Completed in 1ms
15 timing config:load:validate Completed in 0ms
16 timing config:load:credentials Completed in 2ms
17 timing config:load:setEnvs Completed in 2ms
18 timing config:load Completed in 27ms
19 timing npm:load:configload Completed in 27ms
20 timing npm:load:setTitle Completed in 1ms
21 timing config:load:flatten Completed in 6ms
22 timing npm:load:display Completed in 7ms
23 verbose logfile /home/wild/.npm/_logs/2022-05-20T01_15_23_484Z-debug-0.log
24 timing npm:load:logFile Completed in 9ms
25 timing npm:load:timers Completed in 0ms
26 timing npm:load:configScope Completed in 0ms
27 timing npm:load Completed in 45ms
28 timing arborist:ctor Completed in 1ms
29 silly logfile start cleaning logs, removing 1 files
30 timing idealTree:init Completed in 61ms
31 timing arborist:ctor Completed in 0ms
32 http fetch GET 200 https://registry.npmjs.org/types-registry 168ms (cache revalidated)
33 timing idealTree:userRequests Completed in 185ms
34 silly idealTree buildDeps
35 silly fetch manifest types-registry@0.1.593
36 silly placeDep ROOT types-registry@0.1.593 REPLACE for:  want: 0.1.593
37 timing idealTree:#root Completed in 12ms
38 timing idealTree:node_modules/types-registry Completed in 0ms
39 timing idealTree:buildDeps Completed in 14ms
40 timing idealTree:fixDepFlags Completed in 1ms
41 timing idealTree Completed in 267ms
42 timing reify:loadTrees Completed in 268ms
43 timing reify:diffTrees Completed in 5ms
44 silly reify moves {}
45 timing reify:retireShallow Completed in 1ms
46 timing reify:createSparse Completed in 0ms
47 timing reify:loadBundles Completed in 0ms
48 silly audit bulk request {
48 silly audit   '@types/jest': [ '27.5.1' ],
48 silly audit   '@types/prop-types': [ '15.7.5' ],
48 silly audit   '@types/react': [ '18.0.9' ],
48 silly audit   '@types/react-dom': [ '18.0.4' ],
48 silly audit   '@types/scheduler': [ '0.16.2' ],
48 silly audit   '@types/testing-library__jest-dom': [ '5.14.3' ],
48 silly audit   'ansi-regex': [ '5.0.1' ],
48 silly audit   'ansi-styles': [ '4.3.0', '5.2.0' ],
48 silly audit   chalk: [ '4.1.2' ],
48 silly audit   'color-convert': [ '2.0.1' ],
48 silly audit   'color-name': [ '1.1.4' ],
48 silly audit   csstype: [ '3.1.0' ],
48 silly audit   'diff-sequences': [ '27.5.1' ],
48 silly audit   'has-flag': [ '4.0.0' ],
48 silly audit   'jest-diff': [ '27.5.1' ],
48 silly audit   'jest-get-type': [ '27.5.1' ],
48 silly audit   'jest-matcher-utils': [ '27.5.1' ],
48 silly audit   'pretty-format': [ '27.5.1' ],
48 silly audit   'react-is': [ '17.0.2' ],
48 silly audit   'supports-color': [ '7.2.0' ],
48 silly audit   'types-registry': [ '0.1.593' ]
48 silly audit }
49 timing reify:unpack Completed in 0ms
50 timing reify:unretire Completed in 0ms
51 timing build:queue Completed in 0ms
52 timing build:deps Completed in 0ms
53 timing build Completed in 1ms
54 timing reify:build Completed in 2ms
55 timing reify:trash Completed in 0ms
56 timing reify:save Completed in 22ms
57 http fetch POST 200 https://registry.npmjs.org/-/npm/v1/security/advisories/bulk 214ms
58 timing auditReport:getReport Completed in 217ms
59 silly audit report {}
60 timing auditReport:init Completed in 0ms
61 timing reify:audit Completed in 219ms
62 timing reify Completed in 505ms
63 timing command:install Completed in 512ms
64 verbose exit 0
65 timing npm Completed in 1085ms
66 info ok
