0 verbose cli /home/wild/.nvm/versions/node/v18.1.0/bin/node /home/wild/.nvm/versions/node/v18.1.0/bin/npm
1 info using npm@8.8.0
2 info using node@v18.1.0
3 timing npm:load:whichnode Completed in 0ms
4 timing config:load:defaults Completed in 2ms
5 timing config:load:file:/home/wild/.nvm/versions/node/v18.1.0/lib/node_modules/npm/npmrc Completed in 2ms
6 timing config:load:builtin Completed in 2ms
7 timing config:load:cli Completed in 5ms
8 timing config:load:env Completed in 3ms
9 timing config:load:file:/home/wild/test/.npmrc Completed in 0ms
10 timing config:load:project Completed in 7ms
11 timing config:load:file:/home/wild/.npmrc Completed in 0ms
12 timing config:load:user Completed in 0ms
13 timing config:load:file:/home/wild/.nvm/versions/node/v18.1.0/etc/npmrc Completed in 0ms
14 timing config:load:global Completed in 0ms
15 timing config:load:validate Completed in 1ms
16 timing config:load:credentials Completed in 0ms
17 timing config:load:setEnvs Completed in 0ms
18 timing config:load Completed in 22ms
19 timing npm:load:configload Completed in 22ms
20 timing npm:load:mkdirpcache Completed in 1ms
21 timing npm:load:mkdirplogs Completed in 1ms
22 verbose title npm install @testing-library/jest-dom@^5.14.1 @testing-library/react@^13.0.0 @testing-library/user-event@^13.2.1 web-vitals@^2.1.0
23 verbose argv "install" "--no-audit" "--save" "@testing-library/jest-dom@^5.14.1" "@testing-library/react@^13.0.0" "@testing-library/user-event@^13.2.1" "web-vitals@^2.1.0"
24 timing npm:load:setTitle Completed in 3ms
25 timing config:load:flatten Completed in 3ms
26 timing npm:load:display Completed in 5ms
27 verbose logfile logs-max:10 dir:/home/wild/.npm/_logs
28 verbose logfile /home/wild/.npm/_logs/2022-05-16T18_14_36_936Z-debug-0.log
29 timing npm:load:logFile Completed in 6ms
30 timing npm:load:timers Completed in 1ms
31 timing npm:load:configScope Completed in 0ms
32 timing npm:load Completed in 40ms
33 timing arborist:ctor Completed in 1ms
34 silly logfile done cleaning log files
35 timing idealTree:init Completed in 1330ms
36 timing idealTree:userRequests Completed in 4ms
37 silly idealTree buildDeps
38 silly fetch manifest @testing-library/jest-dom@^5.14.1
39 timing arborist:ctor Completed in 1ms
40 http fetch GET 200 https://registry.npmjs.org/@testing-library%2fjest-dom 1285ms (cache miss)
41 silly fetch manifest @testing-library/react@^13.0.0
42 http fetch GET 200 https://registry.npmjs.org/@testing-library%2freact 373ms (cache miss)
43 silly fetch manifest react@^18.1.0
44 http fetch GET 200 https://registry.npmjs.org/react 18ms (cache hit)
45 silly fetch manifest react-dom@^18.1.0
46 http fetch GET 200 https://registry.npmjs.org/react-dom 13ms (cache hit)
47 silly fetch manifest @testing-library/user-event@^13.2.1
48 http fetch GET 200 https://registry.npmjs.org/@testing-library%2fuser-event 231ms (cache miss)
49 silly fetch manifest @testing-library/dom@>=7.21.4
50 http fetch GET 200 https://registry.npmjs.org/@testing-library%2fdom 189ms (cache miss)
51 silly fetch manifest web-vitals@^2.1.0
52 http fetch GET 200 https://registry.npmjs.org/web-vitals 232ms (cache miss)
53 silly placeDep ROOT @testing-library/jest-dom@5.16.4 OK for: test@0.1.0 want: ^5.14.1
54 silly placeDep ROOT @testing-library/react@13.2.0 OK for: test@0.1.0 want: ^13.0.0
55 silly placeDep ROOT @testing-library/user-event@13.5.0 OK for: test@0.1.0 want: ^13.2.1
56 silly placeDep ROOT @testing-library/dom@8.13.0 OK for: @testing-library/user-event@13.5.0 want: >=7.21.4
57 silly placeDep ROOT web-vitals@2.1.4 OK for: test@0.1.0 want: ^2.1.0
58 silly fetch manifest @types/testing-library__jest-dom@^5.9.1
59 silly fetch manifest aria-query@^5.0.0
60 silly fetch manifest chalk@^3.0.0
61 silly fetch manifest css@^3.0.0
62 silly fetch manifest css.escape@^1.5.1
63 silly fetch manifest dom-accessibility-api@^0.5.6
64 silly fetch manifest redent@^3.0.0
65 silly fetch manifest @types/react-dom@^18.0.0
66 silly fetch manifest @types/aria-query@^4.2.0
67 silly fetch manifest chalk@^4.1.0
68 silly fetch manifest dom-accessibility-api@^0.5.9
69 silly fetch manifest lz-string@^1.4.4
70 http fetch GET 200 https://registry.npmjs.org/aria-query 75ms (cache hit)
71 http fetch GET 200 https://registry.npmjs.org/chalk 75ms (cache hit)
72 http fetch GET 200 https://registry.npmjs.org/dom-accessibility-api 118ms (cache miss)
73 http fetch GET 200 https://registry.npmjs.org/redent 120ms (cache miss)
74 http fetch GET 200 https://registry.npmjs.org/@types%2freact-dom 124ms (cache miss)
75 http fetch GET 200 https://registry.npmjs.org/lz-string 543ms (cache miss)
76 http fetch GET 200 https://registry.npmjs.org/css.escape 549ms (cache miss)
77 http fetch GET 200 https://registry.npmjs.org/css 563ms (cache miss)
78 http fetch GET 200 https://registry.npmjs.org/@types%2ftesting-library__jest-dom 989ms (cache miss)
79 http fetch GET 200 https://registry.npmjs.org/@types%2faria-query 987ms (cache miss)
80 timing idealTree:#root Completed in 3397ms
81 silly placeDep ROOT @types/aria-query@4.2.2 OK for: @testing-library/dom@8.13.0 want: ^4.2.0
82 silly placeDep node_modules/@testing-library/dom aria-query@5.0.0 OK for: @testing-library/dom@8.13.0 want: ^5.0.0
83 silly placeDep node_modules/@testing-library/dom chalk@4.1.2 OK for: @testing-library/dom@8.13.0 want: ^4.1.0
84 silly placeDep ROOT dom-accessibility-api@0.5.14 OK for: @testing-library/dom@8.13.0 want: ^0.5.9
85 silly placeDep ROOT lz-string@1.4.4 OK for: @testing-library/dom@8.13.0 want: ^1.4.4
86 silly fetch manifest ansi-styles@^4.1.0
87 silly fetch manifest supports-color@^7.1.0
88 http fetch GET 200 https://registry.npmjs.org/ansi-styles 7ms (cache hit)
89 http fetch GET 200 https://registry.npmjs.org/supports-color 8ms (cache hit)
90 timing idealTree:node_modules/@testing-library/dom Completed in 19ms
91 silly placeDep ROOT @types/testing-library__jest-dom@5.14.3 OK for: @testing-library/jest-dom@5.16.4 want: ^5.9.1
92 silly placeDep node_modules/@testing-library/jest-dom aria-query@5.0.0 OK for: @testing-library/jest-dom@5.16.4 want: ^5.0.0
93 silly placeDep node_modules/@testing-library/jest-dom chalk@3.0.0 OK for: @testing-library/jest-dom@5.16.4 want: ^3.0.0
94 silly placeDep ROOT css@3.0.0 OK for: @testing-library/jest-dom@5.16.4 want: ^3.0.0
95 silly placeDep ROOT css.escape@1.5.1 OK for: @testing-library/jest-dom@5.16.4 want: ^1.5.1
96 silly placeDep ROOT redent@3.0.0 OK for: @testing-library/jest-dom@5.16.4 want: ^3.0.0
97 silly fetch manifest @types/jest@*
98 silly fetch manifest source-map@^0.6.1
99 silly fetch manifest source-map-resolve@^0.6.0
100 silly fetch manifest indent-string@^4.0.0
101 silly fetch manifest strip-indent@^3.0.0
102 http fetch GET 200 https://registry.npmjs.org/source-map 16ms (cache hit)
103 http fetch GET 200 https://registry.npmjs.org/source-map-resolve 45ms (cache miss)
104 http fetch GET 200 https://registry.npmjs.org/strip-indent 48ms (cache miss)
105 http fetch GET 200 https://registry.npmjs.org/indent-string 49ms (cache miss)
106 http fetch GET 200 https://registry.npmjs.org/@types%2fjest 77ms (cache miss)
107 timing idealTree:node_modules/@testing-library/jest-dom Completed in 89ms
108 silly placeDep ROOT @types/react-dom@18.0.4 OK for: @testing-library/react@13.2.0 want: ^18.0.0
109 silly fetch manifest @types/react@*
110 http fetch GET 200 https://registry.npmjs.org/@types%2freact 58ms (cache miss)
111 timing idealTree:node_modules/@testing-library/react Completed in 69ms
112 timing idealTree:node_modules/@testing-library/user-event Completed in 0ms
113 timing idealTree:node_modules/@types/aria-query Completed in 0ms
114 silly placeDep ROOT @types/react@18.0.9 OK for: @types/react-dom@18.0.4 want: *
115 silly fetch manifest @types/prop-types@*
116 silly fetch manifest @types/scheduler@*
117 silly fetch manifest csstype@^3.0.2
118 http fetch GET 200 https://registry.npmjs.org/@types%2fscheduler 53ms (cache miss)
119 http fetch GET 200 https://registry.npmjs.org/@types%2fprop-types 55ms (cache miss)
120 http fetch GET 200 https://registry.npmjs.org/csstype 56ms (cache miss)
121 timing idealTree:node_modules/@types/react-dom Completed in 61ms
122 silly placeDep ROOT @types/prop-types@15.7.5 OK for: @types/react@18.0.9 want: *
123 silly placeDep ROOT @types/scheduler@0.16.2 OK for: @types/react@18.0.9 want: *
124 silly placeDep ROOT csstype@3.1.0 OK for: @types/react@18.0.9 want: ^3.0.2
125 timing idealTree:node_modules/@types/react Completed in 7ms
126 timing idealTree:node_modules/@types/prop-types Completed in 0ms
127 timing idealTree:node_modules/@types/scheduler Completed in 0ms
128 silly placeDep ROOT @types/jest@27.5.1 OK for: @types/testing-library__jest-dom@5.14.3 want: *
129 timing idealTree:node_modules/@types/testing-library__jest-dom Completed in 2ms
130 timing idealTree:node_modules/@types/jest Completed in 0ms
131 silly placeDep node_modules/css source-map@0.6.1 OK for: css@3.0.0 want: ^0.6.1
132 silly placeDep ROOT source-map-resolve@0.6.0 OK for: css@3.0.0 want: ^0.6.0
133 silly fetch manifest atob@^2.1.2
134 silly fetch manifest decode-uri-component@^0.2.0
135 http fetch GET 200 https://registry.npmjs.org/atob 37ms (cache miss)
136 http fetch GET 200 https://registry.npmjs.org/decode-uri-component 37ms (cache miss)
137 timing idealTree:node_modules/css Completed in 44ms
138 timing idealTree:node_modules/css.escape Completed in 0ms
139 timing idealTree:node_modules/csstype Completed in 0ms
140 timing idealTree:node_modules/dom-accessibility-api Completed in 0ms
141 timing idealTree:node_modules/lz-string Completed in 0ms
142 silly placeDep ROOT indent-string@4.0.0 OK for: redent@3.0.0 want: ^4.0.0
143 silly placeDep ROOT strip-indent@3.0.0 OK for: redent@3.0.0 want: ^3.0.0
144 silly fetch manifest min-indent@^1.0.0
145 http fetch GET 200 https://registry.npmjs.org/min-indent 48ms (cache miss)
146 timing idealTree:node_modules/redent Completed in 53ms
147 timing idealTree:node_modules/indent-string Completed in 0ms
148 silly placeDep ROOT atob@2.1.2 OK for: source-map-resolve@0.6.0 want: ^2.1.2
149 silly placeDep ROOT decode-uri-component@0.2.0 OK for: source-map-resolve@0.6.0 want: ^0.2.0
150 timing idealTree:node_modules/source-map-resolve Completed in 3ms
151 timing idealTree:node_modules/atob Completed in 0ms
152 timing idealTree:node_modules/decode-uri-component Completed in 0ms
153 silly placeDep ROOT min-indent@1.0.1 OK for: strip-indent@3.0.0 want: ^1.0.0
154 timing idealTree:node_modules/strip-indent Completed in 1ms
155 timing idealTree:node_modules/min-indent Completed in 0ms
156 timing idealTree:node_modules/web-vitals Completed in 0ms
157 timing idealTree:node_modules/@testing-library/dom/node_modules/aria-query Completed in 0ms
158 silly placeDep node_modules/@testing-library/dom ansi-styles@4.3.0 OK for: chalk@4.1.2 want: ^4.1.0
159 silly placeDep node_modules/@testing-library/dom supports-color@7.2.0 OK for: chalk@4.1.2 want: ^7.1.0
160 silly fetch manifest color-convert@^2.0.1
161 silly fetch manifest has-flag@^4.0.0
162 http fetch GET 200 https://registry.npmjs.org/color-convert 12ms (cache hit)
163 http fetch GET 200 https://registry.npmjs.org/has-flag 11ms (cache hit)
164 timing idealTree:node_modules/@testing-library/dom/node_modules/chalk Completed in 19ms
165 silly placeDep node_modules/@testing-library/dom color-convert@2.0.1 OK for: ansi-styles@4.3.0 want: ^2.0.1
166 silly fetch manifest color-name@~1.1.4
167 http fetch GET 200 https://registry.npmjs.org/color-name 8ms (cache hit)
168 timing idealTree:node_modules/@testing-library/dom/node_modules/ansi-styles Completed in 12ms
169 silly placeDep node_modules/@testing-library/dom color-name@1.1.4 OK for: color-convert@2.0.1 want: ~1.1.4
170 timing idealTree:node_modules/@testing-library/dom/node_modules/color-convert Completed in 1ms
171 timing idealTree:node_modules/@testing-library/dom/node_modules/color-name Completed in 0ms
172 silly placeDep node_modules/@testing-library/dom has-flag@4.0.0 OK for: supports-color@7.2.0 want: ^4.0.0
173 timing idealTree:node_modules/@testing-library/dom/node_modules/supports-color Completed in 1ms
174 timing idealTree:node_modules/@testing-library/dom/node_modules/has-flag Completed in 0ms
175 timing idealTree:node_modules/@testing-library/jest-dom/node_modules/aria-query Completed in 0ms
176 silly placeDep node_modules/@testing-library/jest-dom ansi-styles@4.3.0 OK for: chalk@3.0.0 want: ^4.1.0
177 silly placeDep node_modules/@testing-library/jest-dom supports-color@7.2.0 OK for: chalk@3.0.0 want: ^7.1.0
178 timing idealTree:node_modules/@testing-library/jest-dom/node_modules/chalk Completed in 5ms
179 silly placeDep node_modules/@testing-library/jest-dom color-convert@2.0.1 OK for: ansi-styles@4.3.0 want: ^2.0.1
180 timing idealTree:node_modules/@testing-library/jest-dom/node_modules/ansi-styles Completed in 4ms
181 silly placeDep node_modules/@testing-library/jest-dom color-name@1.1.4 OK for: color-convert@2.0.1 want: ~1.1.4
182 timing idealTree:node_modules/@testing-library/jest-dom/node_modules/color-convert Completed in 1ms
183 timing idealTree:node_modules/@testing-library/jest-dom/node_modules/color-name Completed in 0ms
184 silly placeDep node_modules/@testing-library/jest-dom has-flag@4.0.0 OK for: supports-color@7.2.0 want: ^4.0.0
185 timing idealTree:node_modules/@testing-library/jest-dom/node_modules/supports-color Completed in 1ms
186 timing idealTree:node_modules/@testing-library/jest-dom/node_modules/has-flag Completed in 0ms
187 timing idealTree:node_modules/css/node_modules/source-map Completed in 0ms
188 timing idealTree:buildDeps Completed in 3798ms
189 timing idealTree:fixDepFlags Completed in 26ms
190 timing idealTree Completed in 5181ms
191 timing reify:loadTrees Completed in 5182ms
192 timing reify:diffTrees Completed in 26ms
193 silly reify moves {}
194 timing reify:retireShallow Completed in 3ms
195 timing reify:createSparse Completed in 20ms
196 timing reify:loadBundles Completed in 0ms
197 verbose reify failed optional dependency /home/wild/test/node_modules/fsevents
198 silly reify mark deleted [ '/home/wild/test/node_modules/fsevents' ]
199 timing reifyNode:node_modules/fsevents Completed in 14ms
200 silly tarball no local data for decode-uri-component@https://registry.npmjs.org/decode-uri-component/-/decode-uri-component-0.2.0.tgz. Extracting by manifest.
201 silly tarball no local data for atob@https://registry.npmjs.org/atob/-/atob-2.1.2.tgz. Extracting by manifest.
202 silly tarball no local data for min-indent@https://registry.npmjs.org/min-indent/-/min-indent-1.0.1.tgz. Extracting by manifest.
203 silly tarball no local data for strip-indent@https://registry.npmjs.org/strip-indent/-/strip-indent-3.0.0.tgz. Extracting by manifest.
204 silly tarball no local data for indent-string@https://registry.npmjs.org/indent-string/-/indent-string-4.0.0.tgz. Extracting by manifest.
205 silly tarball no local data for source-map-resolve@https://registry.npmjs.org/source-map-resolve/-/source-map-resolve-0.6.0.tgz. Extracting by manifest.
206 silly tarball no local data for @types/jest@https://registry.npmjs.org/@types/jest/-/jest-27.5.1.tgz. Extracting by manifest.
207 silly tarball no local data for csstype@https://registry.npmjs.org/csstype/-/csstype-3.1.0.tgz. Extracting by manifest.
208 silly tarball no local data for @types/scheduler@https://registry.npmjs.org/@types/scheduler/-/scheduler-0.16.2.tgz. Extracting by manifest.
209 silly tarball no local data for @types/prop-types@https://registry.npmjs.org/@types/prop-types/-/prop-types-15.7.5.tgz. Extracting by manifest.
210 silly tarball no local data for @types/react@https://registry.npmjs.org/@types/react/-/react-18.0.9.tgz. Extracting by manifest.
211 silly tarball no local data for @types/react-dom@https://registry.npmjs.org/@types/react-dom/-/react-dom-18.0.4.tgz. Extracting by manifest.
212 silly tarball no local data for redent@https://registry.npmjs.org/redent/-/redent-3.0.0.tgz. Extracting by manifest.
213 silly tarball no local data for css.escape@https://registry.npmjs.org/css.escape/-/css.escape-1.5.1.tgz. Extracting by manifest.
214 silly tarball no local data for css@https://registry.npmjs.org/css/-/css-3.0.0.tgz. Extracting by manifest.
215 silly tarball no local data for @types/testing-library__jest-dom@https://registry.npmjs.org/@types/testing-library__jest-dom/-/testing-library__jest-dom-5.14.3.tgz. Extracting by manifest.
216 silly tarball no local data for lz-string@https://registry.npmjs.org/lz-string/-/lz-string-1.4.4.tgz. Extracting by manifest.
217 silly tarball no local data for dom-accessibility-api@https://registry.npmjs.org/dom-accessibility-api/-/dom-accessibility-api-0.5.14.tgz. Extracting by manifest.
218 silly tarball no local data for @types/aria-query@https://registry.npmjs.org/@types/aria-query/-/aria-query-4.2.2.tgz. Extracting by manifest.
219 silly tarball no local data for @testing-library/dom@https://registry.npmjs.org/@testing-library/dom/-/dom-8.13.0.tgz. Extracting by manifest.
220 silly tarball no local data for @testing-library/user-event@https://registry.npmjs.org/@testing-library/user-event/-/user-event-13.5.0.tgz. Extracting by manifest.
221 silly tarball no local data for @testing-library/react@https://registry.npmjs.org/@testing-library/react/-/react-13.2.0.tgz. Extracting by manifest.
222 silly tarball no local data for @testing-library/jest-dom@https://registry.npmjs.org/@testing-library/jest-dom/-/jest-dom-5.16.4.tgz. Extracting by manifest.
223 silly tarball no local data for aria-query@https://registry.npmjs.org/aria-query/-/aria-query-5.0.0.tgz. Extracting by manifest.
224 silly tarball no local data for web-vitals@https://registry.npmjs.org/web-vitals/-/web-vitals-2.1.4.tgz. Extracting by manifest.
225 silly tarball no local data for aria-query@https://registry.npmjs.org/aria-query/-/aria-query-5.0.0.tgz. Extracting by manifest.
226 silly tarball no local data for chalk@https://registry.npmjs.org/chalk/-/chalk-3.0.0.tgz. Extracting by manifest.
227 timing reifyNode:node_modules/@testing-library/dom/node_modules/color-name Completed in 441ms
228 timing reifyNode:node_modules/@testing-library/jest-dom/node_modules/color-name Completed in 443ms
229 timing reifyNode:node_modules/@testing-library/dom/node_modules/has-flag Completed in 449ms
230 timing reifyNode:node_modules/@testing-library/dom/node_modules/supports-color Completed in 449ms
231 timing reifyNode:node_modules/@testing-library/jest-dom/node_modules/has-flag Completed in 450ms
232 timing reifyNode:node_modules/@testing-library/jest-dom/node_modules/supports-color Completed in 450ms
233 timing reifyNode:node_modules/@testing-library/dom/node_modules/ansi-styles Completed in 455ms
234 timing reifyNode:node_modules/@testing-library/jest-dom/node_modules/ansi-styles Completed in 456ms
235 timing reifyNode:node_modules/@testing-library/dom/node_modules/color-convert Completed in 467ms
236 timing reifyNode:node_modules/@testing-library/jest-dom/node_modules/color-convert Completed in 467ms
237 timing reifyNode:node_modules/@testing-library/dom/node_modules/chalk Completed in 478ms
238 http fetch GET 200 https://registry.npmjs.org/min-indent/-/min-indent-1.0.1.tgz 451ms (cache miss)
239 timing reifyNode:node_modules/min-indent Completed in 501ms
240 http fetch GET 200 https://registry.npmjs.org/strip-indent/-/strip-indent-3.0.0.tgz 459ms (cache miss)
241 timing reifyNode:node_modules/strip-indent Completed in 511ms
242 http fetch GET 200 https://registry.npmjs.org/indent-string/-/indent-string-4.0.0.tgz 483ms (cache miss)
243 timing reifyNode:node_modules/indent-string Completed in 540ms
244 http fetch GET 200 https://registry.npmjs.org/source-map-resolve/-/source-map-resolve-0.6.0.tgz 489ms (cache miss)
245 warn deprecated source-map-resolve@0.6.0: See https://github.com/lydell/source-map-resolve#deprecated
246 timing reifyNode:node_modules/source-map-resolve Completed in 552ms
247 http fetch GET 200 https://registry.npmjs.org/decode-uri-component/-/decode-uri-component-0.2.0.tgz 521ms (cache miss)
248 timing reifyNode:node_modules/decode-uri-component Completed in 563ms
249 http fetch GET 200 https://registry.npmjs.org/atob/-/atob-2.1.2.tgz 531ms (cache miss)
250 timing reifyNode:node_modules/atob Completed in 578ms
251 http fetch GET 200 https://registry.npmjs.org/redent/-/redent-3.0.0.tgz 483ms (cache miss)
252 timing reifyNode:node_modules/redent Completed in 582ms
253 http fetch GET 200 https://registry.npmjs.org/@types/prop-types/-/prop-types-15.7.5.tgz 506ms (cache miss)
254 timing reifyNode:node_modules/@types/prop-types Completed in 587ms
255 http fetch GET 200 https://registry.npmjs.org/@types/scheduler/-/scheduler-0.16.2.tgz 523ms (cache miss)
256 timing reifyNode:node_modules/@types/scheduler Completed in 600ms
257 http fetch GET 200 https://registry.npmjs.org/css.escape/-/css.escape-1.5.1.tgz 507ms (cache miss)
258 timing reifyNode:node_modules/css.escape Completed in 610ms
259 http fetch GET 200 https://registry.npmjs.org/css/-/css-3.0.0.tgz 560ms (cache miss)
260 timing reifyNode:node_modules/css Completed in 666ms
261 http fetch GET 200 https://registry.npmjs.org/chalk/-/chalk-3.0.0.tgz 508ms (cache miss)
262 timing reifyNode:node_modules/@testing-library/jest-dom/node_modules/chalk Completed in 684ms
263 http fetch GET 200 https://registry.npmjs.org/@types/react-dom/-/react-dom-18.0.4.tgz 618ms (cache miss)
264 timing reifyNode:node_modules/@types/react-dom Completed in 713ms
265 http fetch GET 200 https://registry.npmjs.org/lz-string/-/lz-string-1.4.4.tgz 606ms (cache miss)
266 timing reifyNode:node_modules/lz-string Completed in 727ms
267 http fetch GET 200 https://registry.npmjs.org/@types/jest/-/jest-27.5.1.tgz 702ms (cache miss)
268 timing reifyNode:node_modules/@types/jest Completed in 771ms
269 timing reifyNode:node_modules/css/node_modules/source-map Completed in 779ms
270 http fetch GET 200 https://registry.npmjs.org/@types/testing-library__jest-dom/-/testing-library__jest-dom-5.14.3.tgz 750ms (cache miss)
271 timing reifyNode:node_modules/@types/testing-library__jest-dom Completed in 866ms
272 http fetch GET 200 https://registry.npmjs.org/@types/aria-query/-/aria-query-4.2.2.tgz 764ms (cache miss)
273 timing reifyNode:node_modules/@types/aria-query Completed in 898ms
274 http fetch GET 200 https://registry.npmjs.org/dom-accessibility-api/-/dom-accessibility-api-0.5.14.tgz 855ms (cache miss)
275 timing reifyNode:node_modules/dom-accessibility-api Completed in 982ms
276 http fetch GET 200 https://registry.npmjs.org/csstype/-/csstype-3.1.0.tgz 928ms (cache miss)
277 timing reifyNode:node_modules/csstype Completed in 1000ms
278 http fetch GET 200 https://registry.npmjs.org/web-vitals/-/web-vitals-2.1.4.tgz 886ms (cache miss)
279 timing reifyNode:node_modules/web-vitals Completed in 1054ms
280 http fetch GET 200 https://registry.npmjs.org/@types/react/-/react-18.0.9.tgz 979ms (cache miss)
281 timing reifyNode:node_modules/@types/react Completed in 1070ms
282 http fetch GET 200 https://registry.npmjs.org/@testing-library/jest-dom/-/jest-dom-5.16.4.tgz 937ms (cache miss)
283 timing reifyNode:node_modules/@testing-library/jest-dom Completed in 1088ms
284 http fetch GET 200 https://registry.npmjs.org/@testing-library/user-event/-/user-event-13.5.0.tgz 1146ms (cache miss)
285 timing reifyNode:node_modules/@testing-library/user-event Completed in 1290ms
286 http fetch GET 200 https://registry.npmjs.org/aria-query/-/aria-query-5.0.0.tgz 1141ms (cache miss)
287 timing reifyNode:node_modules/@testing-library/dom/node_modules/aria-query Completed in 1299ms
288 http fetch GET 200 https://registry.npmjs.org/aria-query/-/aria-query-5.0.0.tgz 1132ms (cache miss)
289 timing reifyNode:node_modules/@testing-library/jest-dom/node_modules/aria-query Completed in 1304ms
290 http fetch GET 200 https://registry.npmjs.org/@testing-library/dom/-/dom-8.13.0.tgz 1193ms (cache miss)
291 timing reifyNode:node_modules/@testing-library/dom Completed in 1335ms
292 http fetch GET 200 https://registry.npmjs.org/@testing-library/react/-/react-13.2.0.tgz 1199ms (cache miss)
293 timing reifyNode:node_modules/@testing-library/react Completed in 1346ms
294 timing reify:unpack Completed in 1349ms
295 timing reify:unretire Completed in 0ms
296 timing build:queue Completed in 3ms
297 timing build:link:node_modules/atob Completed in 3ms
298 timing build:link:node_modules/lz-string Completed in 2ms
299 timing build:link Completed in 3ms
300 timing build:deps Completed in 6ms
301 timing build Completed in 6ms
302 timing reify:build Completed in 8ms
303 timing reify:trash Completed in 2ms
304 timing reify:save Completed in 247ms
305 timing reify Completed in 6935ms
306 silly ADD node_modules/min-indent
307 silly ADD node_modules/decode-uri-component
308 silly ADD node_modules/atob
309 silly ADD node_modules/strip-indent
310 silly ADD node_modules/indent-string
311 silly ADD node_modules/source-map-resolve
312 silly ADD node_modules/@types/jest
313 silly ADD node_modules/csstype
314 silly ADD node_modules/@types/scheduler
315 silly ADD node_modules/@types/prop-types
316 silly ADD node_modules/@types/react
317 silly ADD node_modules/@types/react-dom
318 silly ADD node_modules/redent
319 silly ADD node_modules/css.escape
320 silly ADD node_modules/css
321 silly ADD node_modules/css/node_modules/source-map
322 silly ADD node_modules/@types/testing-library__jest-dom
323 silly ADD node_modules/lz-string
324 silly ADD node_modules/dom-accessibility-api
325 silly ADD node_modules/@types/aria-query
326 silly ADD node_modules/web-vitals
327 silly ADD node_modules/@testing-library/dom
328 silly ADD node_modules/@testing-library/dom/node_modules/has-flag
329 silly ADD node_modules/@testing-library/dom/node_modules/color-name
330 silly ADD node_modules/@testing-library/dom/node_modules/color-convert
331 silly ADD node_modules/@testing-library/dom/node_modules/supports-color
332 silly ADD node_modules/@testing-library/dom/node_modules/ansi-styles
333 silly ADD node_modules/@testing-library/dom/node_modules/chalk
334 silly ADD node_modules/@testing-library/dom/node_modules/aria-query
335 silly ADD node_modules/@testing-library/user-event
336 silly ADD node_modules/@testing-library/react
337 silly ADD node_modules/@testing-library/jest-dom
338 silly ADD node_modules/@testing-library/jest-dom/node_modules/has-flag
339 silly ADD node_modules/@testing-library/jest-dom/node_modules/color-name
340 silly ADD node_modules/@testing-library/jest-dom/node_modules/color-convert
341 silly ADD node_modules/@testing-library/jest-dom/node_modules/supports-color
342 silly ADD node_modules/@testing-library/jest-dom/node_modules/ansi-styles
343 silly ADD node_modules/@testing-library/jest-dom/node_modules/chalk
344 silly ADD node_modules/@testing-library/jest-dom/node_modules/aria-query
345 silly ADD
346 timing command:install Completed in 6952ms
347 verbose exit 0
348 timing npm Completed in 7068ms
349 info ok
