0 verbose cli [
0 verbose cli   '/home/wild/.nvm/versions/node/v16.15.0/bin/node',
0 verbose cli   '/home/wild/.nvm/versions/node/v16.15.0/bin/npm',
0 verbose cli   'install',
0 verbose cli   '--ignore-scripts',
0 verbose cli   'types-registry@latest'
0 verbose cli ]
1 info using npm@8.5.5
2 info using node@v16.15.0
3 timing npm:load:whichnode Completed in 1ms
4 timing config:load:defaults Completed in 3ms
5 timing config:load:file:/home/wild/.nvm/versions/node/v16.15.0/lib/node_modules/npm/npmrc Completed in 3ms
6 timing config:load:builtin Completed in 3ms
7 timing config:load:cli Completed in 2ms
8 timing config:load:env Completed in 1ms
9 timing config:load:file:/home/wild/.cache/typescript/4.6/.npmrc Completed in 0ms
10 timing config:load:project Completed in 5ms
11 timing config:load:file:/home/wild/.npmrc Completed in 0ms
12 timing config:load:user Completed in 0ms
13 timing config:load:file:/home/wild/.nvm/versions/node/v16.15.0/etc/npmrc Completed in 3ms
14 timing config:load:global Completed in 3ms
15 timing config:load:validate Completed in 0ms
16 timing config:load:credentials Completed in 2ms
17 timing config:load:setEnvs Completed in 2ms
18 timing config:load Completed in 23ms
19 timing npm:load:configload Completed in 23ms
20 timing npm:load:setTitle Completed in 0ms
21 timing config:load:flatten Completed in 4ms
22 timing npm:load:display Completed in 6ms
23 verbose logfile /home/wild/.npm/_logs/2022-05-20T00_13_03_635Z-debug-0.log
24 timing npm:load:logFile Completed in 8ms
25 timing npm:load:timers Completed in 1ms
26 timing npm:load:configScope Completed in 0ms
27 timing npm:load Completed in 39ms
28 timing arborist:ctor Completed in 1ms
29 silly logfile start cleaning logs, removing 3 files
30 timing arborist:ctor Completed in 0ms
31 timing idealTree:init Completed in 22ms
32 http fetch GET 200 https://registry.npmjs.org/types-registry 181ms (cache miss)
33 timing idealTree:userRequests Completed in 191ms
34 silly idealTree buildDeps
35 silly fetch manifest types-registry@0.1.593
36 silly placeDep ROOT types-registry@0.1.593 OK for:  want: 0.1.593
37 timing idealTree:#root Completed in 9ms
38 timing idealTree:node_modules/types-registry Completed in 0ms
39 timing idealTree:buildDeps Completed in 11ms
40 timing idealTree:fixDepFlags Completed in 1ms
41 timing idealTree Completed in 226ms
42 timing reify:loadTrees Completed in 227ms
43 timing reify:diffTrees Completed in 1ms
44 silly reify moves {}
45 timing reify:retireShallow Completed in 1ms
46 timing reify:createSparse Completed in 2ms
47 timing reify:loadBundles Completed in 0ms
48 silly audit bulk request { 'types-registry': [ '0.1.593' ] }
49 silly tarball no local data for types-registry@https://registry.npmjs.org/types-registry/-/types-registry-0.1.593.tgz. Extracting by manifest.
50 http fetch GET 200 https://registry.npmjs.org/types-registry/-/types-registry-0.1.593.tgz 130ms (cache miss)
51 timing reifyNode:node_modules/types-registry Completed in 140ms
52 timing reify:unpack Completed in 140ms
53 timing reify:unretire Completed in 1ms
54 timing build:queue Completed in 1ms
55 timing build:deps Completed in 1ms
56 timing build Completed in 1ms
57 timing reify:build Completed in 1ms
58 timing reify:trash Completed in 0ms
59 timing reify:save Completed in 6ms
60 http fetch POST 200 https://registry.npmjs.org/-/npm/v1/security/advisories/bulk 192ms
61 timing auditReport:getReport Completed in 193ms
62 silly audit report {}
63 timing auditReport:init Completed in 0ms
64 timing reify:audit Completed in 194ms
65 timing reify Completed in 432ms
66 silly ADD node_modules/types-registry
67 timing command:install Completed in 437ms
68 verbose exit 0
69 timing npm Completed in 856ms
70 info ok
