[2022-05-20T01:20:52.387Z] Validating found git in: git
[2022-05-20T01:20:52.440Z] Using git 2.25.1 from git
[2022-05-20T01:20:53.044Z] > git rev-parse --show-toplevel [585ms]
[2022-05-20T01:20:53.044Z] fatal: not a git repository (or any of the parent directories): .git
[2022-05-20T01:20:53.149Z] > git rev-parse --show-toplevel [92ms]
[2022-05-20T01:20:53.149Z] fatal: not a git repository (or any of the parent directories): .git
[2022-05-20T01:20:53.179Z] > git rev-parse --show-toplevel [24ms]
[2022-05-20T01:20:53.179Z] fatal: not a git repository (or any of the parent directories): .git
[2022-05-20T01:20:53.202Z] > git rev-parse --show-toplevel [14ms]
[2022-05-20T01:20:53.202Z] fatal: not a git repository (or any of the parent directories): .git
[2022-05-20T01:20:53.215Z] > git rev-parse --show-toplevel [7ms]
[2022-05-20T01:20:53.215Z] fatal: not a git repository (or any of the parent directories): .git
[2022-05-20T01:20:53.232Z] > git rev-parse --show-toplevel [9ms]
[2022-05-20T01:20:53.232Z] fatal: not a git repository (or any of the parent directories): .git
[2022-05-20T01:20:53.246Z] > git rev-parse --show-toplevel [9ms]
[2022-05-20T01:20:53.258Z] > git rev-parse --git-dir --git-common-dir [5ms]
[2022-05-20T01:20:53.269Z] Open repository: /home/wild/.nvm
[2022-05-20T01:20:53.300Z] > git status -z -uall [20ms]
[2022-05-20T01:20:53.309Z] > git rev-parse --show-toplevel [22ms]
[2022-05-20T01:20:53.309Z] fatal: not a git repository (or any of the parent directories): .git
[2022-05-20T01:20:53.331Z] > git symbolic-ref --short HEAD [23ms]
[2022-05-20T01:20:53.331Z] fatal: ref HEAD is not a symbolic ref
[2022-05-20T01:20:53.339Z] > git rev-parse HEAD [3ms]
[2022-05-20T01:20:53.355Z] > git rev-parse --show-toplevel [35ms]
[2022-05-20T01:20:53.355Z] fatal: not a git repository (or any of the parent directories): .git
[2022-05-20T01:20:53.364Z] > git remote --verbose [11ms]
[2022-05-20T01:20:53.365Z] > git for-each-ref --sort -committerdate --format %(refname) %(objectname) %(*objectname) [16ms]
[2022-05-20T01:20:53.374Z] > git rev-parse --show-toplevel [12ms]
[2022-05-20T01:20:53.374Z] fatal: not a git repository (or any of the parent directories): .git
[2022-05-20T01:20:53.384Z] > git config --get commit.template [10ms]
[2022-05-20T01:20:53.386Z] > git rev-parse --show-toplevel [3ms]
[2022-05-20T01:20:53.386Z] fatal: not a git repository (or any of the parent directories): .git
[2022-05-20T01:20:53.841Z] > git check-ignore -v -z --stdin [2ms]
[2022-05-20T01:37:15.539Z] > git rev-parse --show-toplevel [1ms]
[2022-05-20T01:37:15.544Z] > git rev-parse --git-dir --git-common-dir [1ms]
[2022-05-20T01:37:15.548Z] Open repository: /home/wild
[2022-05-20T01:37:15.763Z] > git status -z -uall [210ms]
[2022-05-20T01:37:15.770Z] > git symbolic-ref --short HEAD [2ms]
[2022-05-20T01:37:15.777Z] > git for-each-ref --format=%(refname)%00%(upstream:short)%00%(objectname)%00%(upstream:track)%00%(upstream:remotename)%00%(upstream:remoteref) refs/heads/master refs/remotes/master [1ms]
[2022-05-20T01:37:15.788Z] > git remote --verbose [3ms]
[2022-05-20T01:37:15.789Z] > git for-each-ref --sort -committerdate --format %(refname) %(objectname) %(*objectname) [8ms]
[2022-05-20T01:37:17.909Z] > git config --get commit.template [39ms]
[2022-05-20T01:37:17.923Z] > git check-ignore -v -z --stdin [32ms]
[2022-05-20T01:37:17.927Z] > git check-ignore -v -z --stdin [30ms]
[2022-05-20T01:37:18.147Z] > git show --textconv :index.html [10ms]
[2022-05-20T01:37:18.147Z] > git ls-files --stage -- /home/wild/index.html [2ms]
[2022-05-20T01:37:23.761Z] > git status -z -uall [106ms]
[2022-05-20T01:37:23.769Z] > git symbolic-ref --short HEAD [1ms]
[2022-05-20T01:37:23.776Z] > git for-each-ref --format=%(refname)%00%(upstream:short)%00%(objectname)%00%(upstream:track)%00%(upstream:remotename)%00%(upstream:remoteref) refs/heads/master refs/remotes/master [0ms]
[2022-05-20T01:37:23.789Z] > git remote --verbose [1ms]
[2022-05-20T01:37:23.789Z] > git for-each-ref --sort -committerdate --format %(refname) %(objectname) %(*objectname) [6ms]
[2022-05-20T01:37:23.903Z] > git config --get commit.template [2ms]
[2022-05-20T01:38:39.345Z] > git ls-files --stage -- /home/wild/index.html [1ms]
[2022-05-20T01:38:39.372Z] > git show --textconv :index.html [1ms]
[2022-05-20T01:38:39.439Z] > git status -z -uall [131ms]
[2022-05-20T01:38:39.445Z] > git symbolic-ref --short HEAD [1ms]
[2022-05-20T01:38:39.454Z] > git for-each-ref --format=%(refname)%00%(upstream:short)%00%(objectname)%00%(upstream:track)%00%(upstream:remotename)%00%(upstream:remoteref) refs/heads/master refs/remotes/master [3ms]
[2022-05-20T01:38:39.464Z] > git remote --verbose [2ms]
[2022-05-20T01:38:39.464Z] > git for-each-ref --sort -committerdate --format %(refname) %(objectname) %(*objectname) [6ms]
[2022-05-20T01:38:43.410Z] > git config --get commit.template [36ms]
[2022-05-20T01:38:48.542Z] > git status -z -uall [104ms]
[2022-05-20T01:38:48.551Z] > git symbolic-ref --short HEAD [1ms]
[2022-05-20T01:38:48.562Z] > git for-each-ref --format=%(refname)%00%(upstream:short)%00%(objectname)%00%(upstream:track)%00%(upstream:remotename)%00%(upstream:remoteref) refs/heads/master refs/remotes/master [0ms]
[2022-05-20T01:38:48.579Z] > git remote --verbose [1ms]
[2022-05-20T01:38:48.580Z] > git for-each-ref --sort -committerdate --format %(refname) %(objectname) %(*objectname) [11ms]
[2022-05-20T01:38:48.685Z] > git config --get commit.template [5ms]
[2022-05-20T01:38:53.778Z] > git status -z -uall [80ms]
[2022-05-20T01:38:53.787Z] > git symbolic-ref --short HEAD [0ms]
[2022-05-20T01:38:53.795Z] > git for-each-ref --format=%(refname)%00%(upstream:short)%00%(objectname)%00%(upstream:track)%00%(upstream:remotename)%00%(upstream:remoteref) refs/heads/master refs/remotes/master [1ms]
[2022-05-20T01:38:53.810Z] > git remote --verbose [1ms]
[2022-05-20T01:38:53.810Z] > git for-each-ref --sort -committerdate --format %(refname) %(objectname) %(*objectname) [9ms]
[2022-05-20T01:38:53.908Z] > git config --get commit.template [3ms]
[2022-05-20T01:38:59.003Z] > git status -z -uall [87ms]
[2022-05-20T01:38:59.015Z] > git symbolic-ref --short HEAD [4ms]
[2022-05-20T01:38:59.028Z] > git for-each-ref --format=%(refname)%00%(upstream:short)%00%(objectname)%00%(upstream:track)%00%(upstream:remotename)%00%(upstream:remoteref) refs/heads/master refs/remotes/master [4ms]
[2022-05-20T01:38:59.046Z] > git remote --verbose [3ms]
[2022-05-20T01:38:59.046Z] > git for-each-ref --sort -committerdate --format %(refname) %(objectname) %(*objectname) [11ms]
[2022-05-20T01:38:59.213Z] > git config --get commit.template [4ms]
[2022-05-20T01:39:05.939Z] > git status -z -uall [93ms]
[2022-05-20T01:39:05.947Z] > git symbolic-ref --short HEAD [1ms]
[2022-05-20T01:39:05.956Z] > git for-each-ref --format=%(refname)%00%(upstream:short)%00%(objectname)%00%(upstream:track)%00%(upstream:remotename)%00%(upstream:remoteref) refs/heads/master refs/remotes/master [0ms]
[2022-05-20T01:39:05.973Z] > git remote --verbose [2ms]
[2022-05-20T01:39:05.973Z] > git for-each-ref --sort -committerdate --format %(refname) %(objectname) %(*objectname) [10ms]
[2022-05-20T01:39:06.079Z] > git config --get commit.template [10ms]
[2022-05-20T01:39:12.597Z] > git status -z -uall [84ms]
[2022-05-20T01:39:12.608Z] > git symbolic-ref --short HEAD [1ms]
[2022-05-20T01:39:12.617Z] > git for-each-ref --format=%(refname)%00%(upstream:short)%00%(objectname)%00%(upstream:track)%00%(upstream:remotename)%00%(upstream:remoteref) refs/heads/master refs/remotes/master [1ms]
[2022-05-20T01:39:12.631Z] > git remote --verbose [1ms]
[2022-05-20T01:39:12.631Z] > git for-each-ref --sort -committerdate --format %(refname) %(objectname) %(*objectname) [7ms]
[2022-05-20T01:39:12.727Z] > git config --get commit.template [3ms]
[2022-05-20T01:39:19.307Z] > git status -z -uall [91ms]
[2022-05-20T01:39:19.317Z] > git symbolic-ref --short HEAD [1ms]
[2022-05-20T01:39:19.327Z] > git for-each-ref --format=%(refname)%00%(upstream:short)%00%(objectname)%00%(upstream:track)%00%(upstream:remotename)%00%(upstream:remoteref) refs/heads/master refs/remotes/master [1ms]
[2022-05-20T01:39:19.353Z] > git remote --verbose [3ms]
[2022-05-20T01:39:19.353Z] > git for-each-ref --sort -committerdate --format %(refname) %(objectname) %(*objectname) [17ms]
[2022-05-20T01:39:19.459Z] > git config --get commit.template [9ms]
[2022-05-20T01:39:25.299Z] > git status -z -uall [95ms]
[2022-05-20T01:39:25.308Z] > git symbolic-ref --short HEAD [1ms]
[2022-05-20T01:39:25.319Z] > git for-each-ref --format=%(refname)%00%(upstream:short)%00%(objectname)%00%(upstream:track)%00%(upstream:remotename)%00%(upstream:remoteref) refs/heads/master refs/remotes/master [1ms]
[2022-05-20T01:39:25.334Z] > git remote --verbose [2ms]
[2022-05-20T01:39:25.334Z] > git for-each-ref --sort -committerdate --format %(refname) %(objectname) %(*objectname) [9ms]
[2022-05-20T01:39:25.447Z] > git config --get commit.template [4ms]
[2022-05-20T01:39:29.890Z] > git check-ignore -v -z --stdin [1ms]
[2022-05-20T01:39:31.944Z] > git status -z -uall [82ms]
[2022-05-20T01:39:31.952Z] > git symbolic-ref --short HEAD [1ms]
[2022-05-20T01:39:31.961Z] > git for-each-ref --format=%(refname)%00%(upstream:short)%00%(objectname)%00%(upstream:track)%00%(upstream:remotename)%00%(upstream:remoteref) refs/heads/master refs/remotes/master [0ms]
[2022-05-20T01:39:31.976Z] > git remote --verbose [1ms]
[2022-05-20T01:39:31.976Z] > git for-each-ref --sort -committerdate --format %(refname) %(objectname) %(*objectname) [8ms]
[2022-05-20T01:39:32.092Z] > git config --get commit.template [4ms]
[2022-05-20T01:39:37.783Z] > git status -z -uall [93ms]
[2022-05-20T01:39:37.792Z] > git symbolic-ref --short HEAD [1ms]
[2022-05-20T01:39:37.803Z] > git for-each-ref --format=%(refname)%00%(upstream:short)%00%(objectname)%00%(upstream:track)%00%(upstream:remotename)%00%(upstream:remoteref) refs/heads/master refs/remotes/master [1ms]
[2022-05-20T01:39:37.821Z] > git remote --verbose [2ms]
[2022-05-20T01:39:37.821Z] > git for-each-ref --sort -committerdate --format %(refname) %(objectname) %(*objectname) [10ms]
[2022-05-20T01:39:41.762Z] > git config --get commit.template [3802ms]
[2022-05-20T01:39:47.501Z] > git status -z -uall [93ms]
[2022-05-20T01:39:47.512Z] > git symbolic-ref --short HEAD [1ms]
[2022-05-20T01:39:47.522Z] > git for-each-ref --format=%(refname)%00%(upstream:short)%00%(objectname)%00%(upstream:track)%00%(upstream:remotename)%00%(upstream:remoteref) refs/heads/master refs/remotes/master [1ms]
[2022-05-20T01:39:47.537Z] > git remote --verbose [1ms]
[2022-05-20T01:39:47.537Z] > git for-each-ref --sort -committerdate --format %(refname) %(objectname) %(*objectname) [8ms]
[2022-05-20T01:39:47.639Z] > git config --get commit.template [10ms]
[2022-05-20T01:39:54.991Z] > git status -z -uall [103ms]
[2022-05-20T01:39:55.004Z] > git symbolic-ref --short HEAD [2ms]
[2022-05-20T01:39:55.016Z] > git for-each-ref --format=%(refname)%00%(upstream:short)%00%(objectname)%00%(upstream:track)%00%(upstream:remotename)%00%(upstream:remoteref) refs/heads/master refs/remotes/master [1ms]
[2022-05-20T01:39:55.040Z] > git remote --verbose [2ms]
[2022-05-20T01:39:55.040Z] > git for-each-ref --sort -committerdate --format %(refname) %(objectname) %(*objectname) [15ms]
[2022-05-20T01:39:55.162Z] > git config --get commit.template [10ms]
[2022-05-20T01:42:00.580Z] > git check-ignore -v -z --stdin [1ms]
[2022-05-20T01:50:22.556Z] > git check-ignore -v -z --stdin [2ms]
[2022-05-20T02:04:53.625Z] > git ls-files --stage -- /home/wild/index.html [6ms]
[2022-05-20T02:04:53.640Z] > git cat-file -s d1f86afa1665a592b7e194b837c1872a703a8ff9 [3ms]
[2022-05-20T02:04:53.665Z] > git show --textconv :index.html [7ms]
[2022-05-20T02:04:53.698Z] > git status -z -uall [125ms]
[2022-05-20T02:04:53.707Z] > git symbolic-ref --short HEAD [2ms]
[2022-05-20T02:04:53.715Z] > git for-each-ref --format=%(refname)%00%(upstream:short)%00%(objectname)%00%(upstream:track)%00%(upstream:remotename)%00%(upstream:remoteref) refs/heads/master refs/remotes/master [1ms]
[2022-05-20T02:04:53.730Z] > git remote --verbose [2ms]
[2022-05-20T02:04:53.731Z] > git for-each-ref --sort -committerdate --format %(refname) %(objectname) %(*objectname) [9ms]
[2022-05-20T02:04:53.793Z] > git config --get commit.template [1ms]
[2022-05-20T02:21:49.856Z] > git ls-files --stage -- /home/wild/index.html [7ms]
[2022-05-20T02:21:49.873Z] > git cat-file -s d1f86afa1665a592b7e194b837c1872a703a8ff9 [1ms]
[2022-05-20T02:21:49.910Z] > git show --textconv :index.html [5ms]
[2022-05-20T02:21:49.938Z] > git status -z -uall [131ms]
[2022-05-20T02:21:49.955Z] > git symbolic-ref --short HEAD [1ms]
[2022-05-20T02:21:49.972Z] > git for-each-ref --format=%(refname)%00%(upstream:short)%00%(objectname)%00%(upstream:track)%00%(upstream:remotename)%00%(upstream:remoteref) refs/heads/master refs/remotes/master [1ms]
[2022-05-20T02:21:49.987Z] > git remote --verbose [1ms]
[2022-05-20T02:21:49.988Z] > git for-each-ref --sort -committerdate --format %(refname) %(objectname) %(*objectname) [7ms]
[2022-05-20T02:21:50.005Z] > git config --get commit.template [1ms]
[2022-05-20T02:22:15.085Z] > git ls-files --stage -- /home/wild/index.html [9ms]
[2022-05-20T02:22:15.091Z] > git cat-file -s d1f86afa1665a592b7e194b837c1872a703a8ff9 [1ms]
[2022-05-20T02:22:15.126Z] > git show --textconv :index.html [5ms]
[2022-05-20T02:22:15.148Z] > git status -z -uall [95ms]
[2022-05-20T02:22:15.154Z] > git symbolic-ref --short HEAD [1ms]
[2022-05-20T02:22:15.161Z] > git for-each-ref --format=%(refname)%00%(upstream:short)%00%(objectname)%00%(upstream:track)%00%(upstream:remotename)%00%(upstream:remoteref) refs/heads/master refs/remotes/master [1ms]
[2022-05-20T02:22:15.190Z] > git for-each-ref --sort -committerdate --format %(refname) %(objectname) %(*objectname) [18ms]
[2022-05-20T02:22:15.190Z] > git remote --verbose [1ms]
[2022-05-20T02:22:15.204Z] > git config --get commit.template [1ms]
[2022-05-20T02:24:25.624Z] > git ls-files --stage -- /home/wild/index.html [10ms]
[2022-05-20T02:24:25.634Z] > git cat-file -s d1f86afa1665a592b7e194b837c1872a703a8ff9 [4ms]
[2022-05-20T02:24:25.700Z] > git status -z -uall [119ms]
[2022-05-20T02:24:25.706Z] > git show --textconv :index.html [9ms]
[2022-05-20T02:24:25.707Z] > git symbolic-ref --short HEAD [2ms]
[2022-05-20T02:24:25.713Z] > git for-each-ref --format=%(refname)%00%(upstream:short)%00%(objectname)%00%(upstream:track)%00%(upstream:remotename)%00%(upstream:remoteref) refs/heads/wnp refs/remotes/wnp [2ms]
[2022-05-20T02:24:25.723Z] > git for-each-ref --sort -committerdate --format %(refname) %(objectname) %(*objectname) [5ms]
[2022-05-20T02:24:25.724Z] > git remote --verbose [1ms]
[2022-05-20T02:24:25.736Z] > git config --get commit.template [2ms]
[2022-05-20T02:30:02.578Z] > git status -z -uall [100ms]
[2022-05-20T02:30:02.584Z] > git symbolic-ref --short HEAD [1ms]
[2022-05-20T02:30:02.591Z] > git for-each-ref --format=%(refname)%00%(upstream:short)%00%(objectname)%00%(upstream:track)%00%(upstream:remotename)%00%(upstream:remoteref) refs/heads/wnp refs/remotes/wnp [1ms]
[2022-05-20T02:30:02.602Z] > git remote --verbose [1ms]
[2022-05-20T02:30:02.602Z] > git for-each-ref --sort -committerdate --format %(refname) %(objectname) %(*objectname) [6ms]
[2022-05-20T02:30:02.613Z] > git config --get commit.template [3ms]
[2022-05-20T02:30:07.699Z] > git status -z -uall [70ms]
[2022-05-20T02:30:07.706Z] > git symbolic-ref --short HEAD [2ms]
[2022-05-20T02:30:07.713Z] > git for-each-ref --format=%(refname)%00%(upstream:short)%00%(objectname)%00%(upstream:track)%00%(upstream:remotename)%00%(upstream:remoteref) refs/heads/wnp refs/remotes/wnp [2ms]
[2022-05-20T02:30:07.722Z] > git for-each-ref --sort -committerdate --format %(refname) %(objectname) %(*objectname) [5ms]
[2022-05-20T02:30:07.722Z] > git remote --verbose [1ms]
[2022-05-20T02:30:07.732Z] > git config --get commit.template [1ms]
[2022-05-20T02:30:19.758Z] > git status -z -uall [93ms]
[2022-05-20T02:30:19.765Z] > git symbolic-ref --short HEAD [2ms]
[2022-05-20T02:30:19.771Z] > git for-each-ref --format=%(refname)%00%(upstream:short)%00%(objectname)%00%(upstream:track)%00%(upstream:remotename)%00%(upstream:remoteref) refs/heads/wnp refs/remotes/wnp [1ms]
[2022-05-20T02:30:19.781Z] > git for-each-ref --sort -committerdate --format %(refname) %(objectname) %(*objectname) [6ms]
[2022-05-20T02:30:19.782Z] > git remote --verbose [2ms]
[2022-05-20T02:30:19.791Z] > git config --get commit.template [2ms]
[2022-05-20T02:30:24.885Z] > git status -z -uall [86ms]
[2022-05-20T02:30:24.891Z] > git symbolic-ref --short HEAD [1ms]
[2022-05-20T02:30:24.899Z] > git for-each-ref --format=%(refname)%00%(upstream:short)%00%(objectname)%00%(upstream:track)%00%(upstream:remotename)%00%(upstream:remoteref) refs/heads/wnp refs/remotes/wnp [2ms]
[2022-05-20T02:30:24.910Z] > git for-each-ref --sort -committerdate --format %(refname) %(objectname) %(*objectname) [6ms]
[2022-05-20T02:30:24.911Z] > git remote --verbose [3ms]
[2022-05-20T02:30:24.923Z] > git config --get commit.template [0ms]
[2022-05-20T02:30:30.029Z] > git status -z -uall [90ms]
[2022-05-20T02:30:30.036Z] > git symbolic-ref --short HEAD [1ms]
[2022-05-20T02:30:30.043Z] > git for-each-ref --format=%(refname)%00%(upstream:short)%00%(objectname)%00%(upstream:track)%00%(upstream:remotename)%00%(upstream:remoteref) refs/heads/wnp refs/remotes/wnp [2ms]
[2022-05-20T02:30:30.056Z] > git for-each-ref --sort -committerdate --format %(refname) %(objectname) %(*objectname) [8ms]
[2022-05-20T02:30:30.057Z] > git remote --verbose [2ms]
[2022-05-20T02:30:30.071Z] > git config --get commit.template [2ms]
[2022-05-20T02:30:35.158Z] > git status -z -uall [72ms]
[2022-05-20T02:30:35.165Z] > git symbolic-ref --short HEAD [1ms]
[2022-05-20T02:30:35.172Z] > git for-each-ref --format=%(refname)%00%(upstream:short)%00%(objectname)%00%(upstream:track)%00%(upstream:remotename)%00%(upstream:remoteref) refs/heads/wnp refs/remotes/wnp [0ms]
[2022-05-20T02:30:35.184Z] > git for-each-ref --sort -committerdate --format %(refname) %(objectname) %(*objectname) [8ms]
[2022-05-20T02:30:35.184Z] > git remote --verbose [1ms]
[2022-05-20T02:30:35.194Z] > git config --get commit.template [3ms]
[2022-05-20T02:30:40.285Z] > git status -z -uall [82ms]
[2022-05-20T02:30:40.290Z] > git symbolic-ref --short HEAD [1ms]
[2022-05-20T02:30:40.299Z] > git for-each-ref --format=%(refname)%00%(upstream:short)%00%(objectname)%00%(upstream:track)%00%(upstream:remotename)%00%(upstream:remoteref) refs/heads/wnp refs/remotes/wnp [1ms]
[2022-05-20T02:30:40.309Z] > git for-each-ref --sort -committerdate --format %(refname) %(objectname) %(*objectname) [6ms]
[2022-05-20T02:30:40.309Z] > git remote --verbose [2ms]
[2022-05-20T02:30:40.318Z] > git config --get commit.template [1ms]
[2022-05-20T02:30:45.402Z] > git status -z -uall [76ms]
[2022-05-20T02:30:45.409Z] > git symbolic-ref --short HEAD [1ms]
[2022-05-20T02:30:45.415Z] > git for-each-ref --format=%(refname)%00%(upstream:short)%00%(objectname)%00%(upstream:track)%00%(upstream:remotename)%00%(upstream:remoteref) refs/heads/wnp refs/remotes/wnp [1ms]
[2022-05-20T02:30:45.425Z] > git remote --verbose [1ms]
[2022-05-20T02:30:45.425Z] > git for-each-ref --sort -committerdate --format %(refname) %(objectname) %(*objectname) [5ms]
[2022-05-20T02:30:45.433Z] > git config --get commit.template [1ms]
[2022-05-20T02:30:50.525Z] > git status -z -uall [84ms]
[2022-05-20T02:30:50.536Z] > git symbolic-ref --short HEAD [1ms]
[2022-05-20T02:30:50.545Z] > git for-each-ref --format=%(refname)%00%(upstream:short)%00%(objectname)%00%(upstream:track)%00%(upstream:remotename)%00%(upstream:remoteref) refs/heads/wnp refs/remotes/wnp [2ms]
[2022-05-20T02:30:50.556Z] > git remote --verbose [2ms]
[2022-05-20T02:30:50.556Z] > git for-each-ref --sort -committerdate --format %(refname) %(objectname) %(*objectname) [6ms]
[2022-05-20T02:30:50.568Z] > git config --get commit.template [2ms]
[2022-05-20T02:31:46.234Z] > git status -z -uall [103ms]
[2022-05-20T02:31:46.240Z] > git symbolic-ref --short HEAD [1ms]
[2022-05-20T02:31:46.246Z] > git for-each-ref --format=%(refname)%00%(upstream:short)%00%(objectname)%00%(upstream:track)%00%(upstream:remotename)%00%(upstream:remoteref) refs/heads/wnp refs/remotes/wnp [1ms]
[2022-05-20T02:31:46.259Z] > git for-each-ref --sort -committerdate --format %(refname) %(objectname) %(*objectname) [7ms]
[2022-05-20T02:31:46.259Z] > git remote --verbose [1ms]
[2022-05-20T02:31:46.266Z] > git config --get commit.template [0ms]
[2022-05-20T02:31:48.667Z] > git check-ignore -v -z --stdin [4ms]
[2022-05-20T02:31:51.373Z] > git status -z -uall [90ms]
[2022-05-20T02:31:51.384Z] > git symbolic-ref --short HEAD [1ms]
[2022-05-20T02:31:51.394Z] > git for-each-ref --format=%(refname)%00%(upstream:short)%00%(objectname)%00%(upstream:track)%00%(upstream:remotename)%00%(upstream:remoteref) refs/heads/wnp refs/remotes/wnp [1ms]
[2022-05-20T02:31:51.407Z] > git for-each-ref --sort -committerdate --format %(refname) %(objectname) %(*objectname) [8ms]
[2022-05-20T02:31:51.408Z] > git remote --verbose [2ms]
[2022-05-20T02:31:51.417Z] > git config --get commit.template [1ms]
[2022-05-20T02:31:56.510Z] > git status -z -uall [84ms]
[2022-05-20T02:31:56.517Z] > git symbolic-ref --short HEAD [2ms]
[2022-05-20T02:31:56.525Z] > git for-each-ref --format=%(refname)%00%(upstream:short)%00%(objectname)%00%(upstream:track)%00%(upstream:remotename)%00%(upstream:remoteref) refs/heads/wnp refs/remotes/wnp [1ms]
[2022-05-20T02:31:56.538Z] > git remote --verbose [2ms]
[2022-05-20T02:31:56.539Z] > git for-each-ref --sort -committerdate --format %(refname) %(objectname) %(*objectname) [9ms]
[2022-05-20T02:31:56.551Z] > git config --get commit.template [2ms]
[2022-05-20T02:32:01.649Z] > git status -z -uall [86ms]
[2022-05-20T02:32:01.658Z] > git symbolic-ref --short HEAD [2ms]
[2022-05-20T02:32:01.664Z] > git for-each-ref --format=%(refname)%00%(upstream:short)%00%(objectname)%00%(upstream:track)%00%(upstream:remotename)%00%(upstream:remoteref) refs/heads/wnp refs/remotes/wnp [1ms]
[2022-05-20T02:32:01.675Z] > git for-each-ref --sort -committerdate --format %(refname) %(objectname) %(*objectname) [5ms]
[2022-05-20T02:32:01.676Z] > git remote --verbose [2ms]
[2022-05-20T02:32:01.685Z] > git config --get commit.template [2ms]
[2022-05-20T02:32:15.606Z] > git status -z -uall [103ms]
[2022-05-20T02:32:15.612Z] > git symbolic-ref --short HEAD [1ms]
[2022-05-20T02:32:15.620Z] > git for-each-ref --format=%(refname)%00%(upstream:short)%00%(objectname)%00%(upstream:track)%00%(upstream:remotename)%00%(upstream:remoteref) refs/heads/wnp refs/remotes/wnp [1ms]
[2022-05-20T02:32:15.631Z] > git for-each-ref --sort -committerdate --format %(refname) %(objectname) %(*objectname) [6ms]
[2022-05-20T02:32:15.631Z] > git remote --verbose [1ms]
[2022-05-20T02:32:15.644Z] > git config --get commit.template [3ms]
[2022-05-20T02:32:20.744Z] > git status -z -uall [93ms]
[2022-05-20T02:32:20.753Z] > git symbolic-ref --short HEAD [2ms]
[2022-05-20T02:32:20.764Z] > git for-each-ref --format=%(refname)%00%(upstream:short)%00%(objectname)%00%(upstream:track)%00%(upstream:remotename)%00%(upstream:remoteref) refs/heads/wnp refs/remotes/wnp [2ms]
[2022-05-20T02:32:20.780Z] > git remote --verbose [1ms]
[2022-05-20T02:32:20.780Z] > git for-each-ref --sort -committerdate --format %(refname) %(objectname) %(*objectname) [6ms]
[2022-05-20T02:32:20.794Z] > git config --get commit.template [1ms]
[2022-05-20T02:32:25.882Z] > git status -z -uall [80ms]
[2022-05-20T02:32:25.888Z] > git symbolic-ref --short HEAD [1ms]
[2022-05-20T02:32:25.895Z] > git for-each-ref --format=%(refname)%00%(upstream:short)%00%(objectname)%00%(upstream:track)%00%(upstream:remotename)%00%(upstream:remoteref) refs/heads/wnp refs/remotes/wnp [1ms]
[2022-05-20T02:32:25.908Z] > git remote --verbose [1ms]
[2022-05-20T02:32:25.908Z] > git for-each-ref --sort -committerdate --format %(refname) %(objectname) %(*objectname) [7ms]
[2022-05-20T02:32:25.919Z] > git config --get commit.template [1ms]
[2022-05-20T02:32:31.026Z] > git status -z -uall [99ms]
[2022-05-20T02:32:31.039Z] > git symbolic-ref --short HEAD [3ms]
[2022-05-20T02:32:31.046Z] > git for-each-ref --format=%(refname)%00%(upstream:short)%00%(objectname)%00%(upstream:track)%00%(upstream:remotename)%00%(upstream:remoteref) refs/heads/wnp refs/remotes/wnp [1ms]
[2022-05-20T02:32:31.063Z] > git remote --verbose [1ms]
[2022-05-20T02:32:31.066Z] > git for-each-ref --sort -committerdate --format %(refname) %(objectname) %(*objectname) [11ms]
[2022-05-20T02:32:31.077Z] > git config --get commit.template [1ms]
[2022-05-20T02:32:36.164Z] > git status -z -uall [79ms]
[2022-05-20T02:32:36.174Z] > git symbolic-ref --short HEAD [1ms]
[2022-05-20T02:32:36.182Z] > git for-each-ref --format=%(refname)%00%(upstream:short)%00%(objectname)%00%(upstream:track)%00%(upstream:remotename)%00%(upstream:remoteref) refs/heads/wnp refs/remotes/wnp [2ms]
[2022-05-20T02:32:36.202Z] > git remote --verbose [2ms]
[2022-05-20T02:32:36.203Z] > git for-each-ref --sort -committerdate --format %(refname) %(objectname) %(*objectname) [11ms]
[2022-05-20T02:32:36.215Z] > git config --get commit.template [2ms]
